2016-06-16 14:14:31.834: [Cameron] Logging Unity output to: C:/Users/thecoon/AppData/Local/Blizzard/Hearthstone/Logs/hearthstone_2016_06_16_14_14_31.log
2016-06-16 14:14:32.248: Error loading config file client.config

2016-06-16 14:14:32.248: 2016-06-16 14:14:32.248: Warning: Failed to read DeviceEmulation from client.config
2016-06-16 14:14:32.296: [Cameron] Loading All GameStrings took 0.01240253s)
2016-06-16 14:14:32.311: Connection Request to 'eu.actual.battle.net:1119' with Version '83886080'
2016-06-16 14:14:33.586: [Kyle] GraphicsManager Update, Graphics Quality: Medium
2016-06-16 14:14:33.590: [Kyle] Target frame rate: 30
2016-06-16 14:14:33.770: System Info:
2016-06-16 14:14:33.770: SystemInfo - Device Name: THECOON-PC
2016-06-16 14:14:33.771: SystemInfo - Device Model: Intel(R) Core(TM) i5-4690K CPU @ 3.50GHz (4039 MB)
2016-06-16 14:14:33.771: SystemInfo - OS: Windows 7 Service Pack 1 (6.1.7601) 64bit
2016-06-16 14:14:33.772: SystemInfo - CPU Type: Intel(R) Core(TM) i5-4690K CPU @ 3.50GHz
2016-06-16 14:14:33.773: SystemInfo - CPU Cores: 4
2016-06-16 14:14:33.773: SystemInfo - System Memory: 4039
2016-06-16 14:14:33.773: SystemInfo - Screen Resolution: 1680x1050
2016-06-16 14:14:33.774: SystemInfo - Screen DPI: 96
2016-06-16 14:14:33.774: SystemInfo - GPU ID: 26814
2016-06-16 14:14:33.775: SystemInfo - GPU Name: AMD Radeon HD 5700 Series
2016-06-16 14:14:33.775: SystemInfo - GPU Vendor: ATI
2016-06-16 14:14:33.775: SystemInfo - GPU Memory: 1014
2016-06-16 14:14:33.776: SystemInfo - GPU Shader Level: 30
2016-06-16 14:14:33.776: SystemInfo - GPU NPOT Support: Full
2016-06-16 14:14:33.777: SystemInfo - Graphics API (version): Direct3D 9.0c [aticfx32.dll 8.17.10.1404]
2016-06-16 14:14:33.778: SystemInfo - Graphics API (type): Direct3D9
2016-06-16 14:14:33.778: SystemInfo - Graphics Supported Render Target Count: 4
2016-06-16 14:14:33.779: SystemInfo - Graphics Supports 3D Textures: True
2016-06-16 14:14:33.779: SystemInfo - Graphics Supports Compute Shaders: False
2016-06-16 14:14:33.779: SystemInfo - Graphics Supports Image Effects: True
2016-06-16 14:14:33.780: SystemInfo - Graphics Supports Render Textures: True
2016-06-16 14:14:33.780: SystemInfo - Graphics Supports Render To Cubemap: True
2016-06-16 14:14:33.781: SystemInfo - Graphics Supports Shadows: True
2016-06-16 14:14:33.784: SystemInfo - Graphics Supports Sparse Textures: False
2016-06-16 14:14:33.784: SystemInfo - Graphics Supports Stencil: 1
2016-06-16 14:14:33.785: SystemInfo - Graphics RenderTextureFormat.ARGBHalf: True
2016-06-16 14:14:33.785: SystemInfo - Graphics Metal Support: False
2016-06-16 14:14:33.941: [Kyle] UberText Cache Loaded: 11
2016-06-16 14:14:33.962: [Kyle] OnFontDefLoaded
2016-06-16 14:14:33.962: [Kyle] OnFontDefLoaded
2016-06-16 14:14:33.963: [Kyle] OnFontDefLoaded
2016-06-16 14:14:33.963: [Kyle] OnFontDefLoaded
2016-06-16 14:14:34.006: [Cameron] loading overlay ui
2016-06-16 14:14:34.007: [Cameron] canvas scaler component UICanvasHeightScale (UnityEngine.UI.CanvasScaler)
2016-06-16 14:14:34.008: [Cameron] canvas scaler values (160.0, 160.0)
2016-06-16 14:14:34.009: [Cameron] object scale values (1.6, 1.6, 1.6)
2016-06-16 14:14:34.753: Web URL for auth: https://eu.battle.net/login/fr/flow/wtcg.app?externalChallenge=login
2016-06-16 14:14:37.624: [Bob] OnNetCacheObjReceived SAVE --> NetCacheFeatures
2016-06-16 14:14:37.853: [Bob] OnNetCacheObjReceived SAVE --> NetCacheFeatures
2016-06-16 14:14:37.864: [Bob] ---RegisterFriendChallenge---
2016-06-16 14:14:37.990: [Bob] ---RegisterCollectionManager---
2016-06-16 14:14:37.992: [Bob] ---RegisterScreenBox---
2016-06-16 14:14:37.997: [Bob] ---RegisterFeatures---
2016-06-16 14:14:38.059: [Rachelle] StoreManager updated CONFIG delay, now waiting 120 seconds between requests
2016-06-16 14:14:38.511: [Bob] ---RegisterScreenLogin---
2016-06-16 14:14:38.718: [Bob] OnNetCacheObjReceived SAVE --> NetCacheProfileProgress
2016-06-16 14:14:39.110: [Bob] OnNetCacheObjReceived SAVE --> NetCacheBoosters
2016-06-16 14:14:39.112: [Bob] legend rank 0
2016-06-16 14:14:39.114: [Bob] OnNetCacheObjReceived SAVE --> NetCacheMedalInfo
2016-06-16 14:14:39.156: [Bob] OnNetCacheObjReceived SAVE --> NetCacheTavernBrawlInfo
2016-06-16 14:14:39.163: [Bob] OnNetCacheObjReceived SAVE --> NetCacheTavernBrawlRecord
2016-06-16 14:14:39.163: [Bob] OnNetCacheObjReceived SAVE --> NetCacheNotSoMassiveLogin
2016-06-16 14:14:39.164: [Bob] OnNetCacheObjReceived SAVE --> NetCacheRewardProgress
2016-06-16 14:14:39.175: [Bob] OnNetCacheObjReceived SAVE --> NetCachePlayerRecords
2016-06-16 14:14:39.176: [Bob] OnNetCacheObjReceived SAVE --> NetCacheGoldBalance
2016-06-16 14:14:39.210: [Bob] OnNetCacheObjReceived SAVE --> NetCacheHeroLevels
2016-06-16 14:14:39.212: [Bob] OnNetCacheObjReceived SAVE --> NetCacheDecks
2016-06-16 14:14:39.241: [Bob] OnNetCacheObjReceived SAVE --> NetCacheCardBacks
2016-06-16 14:14:39.243: [Bob] OnNetCacheObjReceived SAVE --> NetCacheFavoriteHeroes
2016-06-16 14:14:39.275: [Bob] OnNetCacheObjReceived SAVE --> NetCacheAccountLicenses
2016-06-16 14:14:39.309: [Rachelle] StoreManager reset CONFIG delay, now waiting 60 seconds between requests
2016-06-16 14:14:39.313: [Bob] OnNetCacheObjReceived SAVE --> NetCacheCollection
2016-06-16 14:14:39.340: [Rachelle] StoreManager updated STATUS delay, now waiting 90 seconds between requests
2016-06-16 14:14:39.343: [Bob] OnNetCacheObjReceived SAVE --> NetCacheCardValues
2016-06-16 14:14:39.343: [Bob] OnNetCacheObjReceived SAVE --> NetCacheArcaneDustBalance
2016-06-16 14:14:39.375: [Bob] OnNetCacheObjReceived SAVE --> NetCacheClientOptions
2016-06-16 14:14:39.376: [Rachelle] CollectionManager.OnNetCacheReady
2016-06-16 14:14:39.382: [Rachelle] CollectionManager.AddPreconDeck() heroClass=DRUID deckID=188291
2016-06-16 14:14:39.383: [Rachelle] CollectionManager.AddPreconDeck() heroClass=HUNTER deckID=172325
2016-06-16 14:14:39.384: [Rachelle] CollectionManager.AddPreconDeck() heroClass=MAGE deckID=171593
2016-06-16 14:14:39.384: [Rachelle] CollectionManager.AddPreconDeck() heroClass=PALADIN deckID=195296
2016-06-16 14:14:39.385: [Rachelle] CollectionManager.AddPreconDeck() heroClass=PRIEST deckID=202289
2016-06-16 14:14:39.385: [Rachelle] CollectionManager.AddPreconDeck() heroClass=ROGUE deckID=191407
2016-06-16 14:14:39.386: [Rachelle] CollectionManager.AddPreconDeck() heroClass=SHAMAN deckID=187427
2016-06-16 14:14:39.386: [Rachelle] CollectionManager.AddPreconDeck() heroClass=WARLOCK deckID=196036
2016-06-16 14:14:39.387: [Rachelle] CollectionManager.AddPreconDeck() heroClass=WARRIOR deckID=177762
2016-06-16 14:14:39.390: [Cameron] _decktemplate: Time spent loading template decks: 0.001686096
2016-06-16 14:14:39.397: [Rachelle] AdventureProgressMgr.CreateOrUpdateProgress: creating wing 1 : PROGRESS [AdventureMission.WingProgress: Wing=1, Progress=4 Flags=0]
2016-06-16 14:14:39.399: [Rachelle] AdventureProgressMgr.CreateOrUpdateWingFlags: updating wing 1 : PROGRESS [AdventureMission.WingProgress: Wing=1, Progress=4 Flags=783] (former flags [AdventureMission.WingProgress: Wing=1, Progress=4 Flags=0])
2016-06-16 14:14:39.400: [Rachelle] AdventureProgressMgr.CreateOrUpdateProgress: creating wing 2 : PROGRESS [AdventureMission.WingProgress: Wing=2, Progress=4 Flags=0]
2016-06-16 14:14:39.400: [Rachelle] AdventureProgressMgr.CreateOrUpdateWingFlags: updating wing 2 : PROGRESS [AdventureMission.WingProgress: Wing=2, Progress=4 Flags=783] (former flags [AdventureMission.WingProgress: Wing=2, Progress=4 Flags=0])
2016-06-16 14:14:39.401: [Rachelle] AdventureProgressMgr.CreateOrUpdateProgress: creating wing 3 : PROGRESS [AdventureMission.WingProgress: Wing=3, Progress=4 Flags=0]
2016-06-16 14:14:39.402: [Rachelle] AdventureProgressMgr.CreateOrUpdateWingFlags: updating wing 3 : PROGRESS [AdventureMission.WingProgress: Wing=3, Progress=4 Flags=769] (former flags [AdventureMission.WingProgress: Wing=3, Progress=4 Flags=0])
2016-06-16 14:14:39.403: [Rachelle] AdventureProgressMgr.CreateOrUpdateProgress: creating wing 4 : PROGRESS [AdventureMission.WingProgress: Wing=4, Progress=5 Flags=0]
2016-06-16 14:14:39.404: [Rachelle] AdventureProgressMgr.CreateOrUpdateWingFlags: updating wing 4 : PROGRESS [AdventureMission.WingProgress: Wing=4, Progress=5 Flags=769] (former flags [AdventureMission.WingProgress: Wing=4, Progress=5 Flags=0])
2016-06-16 14:14:39.405: [Rachelle] AdventureProgressMgr.CreateOrUpdateProgress: creating wing 5 : PROGRESS [AdventureMission.WingProgress: Wing=5, Progress=3 Flags=0]
2016-06-16 14:14:39.405: [Rachelle] AdventureProgressMgr.CreateOrUpdateWingFlags: updating wing 5 : PROGRESS [AdventureMission.WingProgress: Wing=5, Progress=3 Flags=257] (former flags [AdventureMission.WingProgress: Wing=5, Progress=3 Flags=0])
2016-06-16 14:14:39.406: [Rachelle] AdventureProgressMgr.CreateOrUpdateProgress: creating wing 6 : PROGRESS [AdventureMission.WingProgress: Wing=6, Progress=4 Flags=0]
2016-06-16 14:14:39.407: [Rachelle] AdventureProgressMgr.CreateOrUpdateWingFlags: updating wing 6 : PROGRESS [AdventureMission.WingProgress: Wing=6, Progress=4 Flags=769] (former flags [AdventureMission.WingProgress: Wing=6, Progress=4 Flags=0])
2016-06-16 14:14:39.408: [Rachelle] AdventureProgressMgr.CreateOrUpdateProgress: creating wing 7 : PROGRESS [AdventureMission.WingProgress: Wing=7, Progress=4 Flags=0]
2016-06-16 14:14:39.408: [Rachelle] AdventureProgressMgr.CreateOrUpdateWingFlags: updating wing 7 : PROGRESS [AdventureMission.WingProgress: Wing=7, Progress=4 Flags=769] (former flags [AdventureMission.WingProgress: Wing=7, Progress=4 Flags=0])
2016-06-16 14:14:39.409: [Rachelle] AdventureProgressMgr.CreateOrUpdateProgress: creating wing 8 : PROGRESS [AdventureMission.WingProgress: Wing=8, Progress=4 Flags=0]
2016-06-16 14:14:39.410: [Rachelle] AdventureProgressMgr.CreateOrUpdateWingFlags: updating wing 8 : PROGRESS [AdventureMission.WingProgress: Wing=8, Progress=4 Flags=769] (former flags [AdventureMission.WingProgress: Wing=8, Progress=4 Flags=0])
2016-06-16 14:14:39.411: [Rachelle] AdventureProgressMgr.CreateOrUpdateProgress: creating wing 9 : PROGRESS [AdventureMission.WingProgress: Wing=9, Progress=5 Flags=0]
2016-06-16 14:14:39.411: [Rachelle] AdventureProgressMgr.CreateOrUpdateWingFlags: updating wing 9 : PROGRESS [AdventureMission.WingProgress: Wing=9, Progress=5 Flags=769] (former flags [AdventureMission.WingProgress: Wing=9, Progress=5 Flags=0])
2016-06-16 14:14:39.412: [Rachelle] AdventureProgressMgr.CreateOrUpdateProgress: creating wing 10 : PROGRESS [AdventureMission.WingProgress: Wing=10, Progress=5 Flags=0]
2016-06-16 14:14:39.413: [Rachelle] AdventureProgressMgr.CreateOrUpdateWingFlags: updating wing 10 : PROGRESS [AdventureMission.WingProgress: Wing=10, Progress=5 Flags=257] (former flags [AdventureMission.WingProgress: Wing=10, Progress=5 Flags=0])
2016-06-16 14:14:39.413: [Rachelle] AdventureProgressMgr.CreateOrUpdateProgress: creating wing 11 : PROGRESS [AdventureMission.WingProgress: Wing=11, Progress=4 Flags=0]
2016-06-16 14:14:39.414: [Rachelle] AdventureProgressMgr.CreateOrUpdateWingFlags: updating wing 11 : PROGRESS [AdventureMission.WingProgress: Wing=11, Progress=4 Flags=769] (former flags [AdventureMission.WingProgress: Wing=11, Progress=4 Flags=0])
2016-06-16 14:14:39.415: [Rachelle] AdventureProgressMgr.CreateOrUpdateProgress: creating wing 12 : PROGRESS [AdventureMission.WingProgress: Wing=12, Progress=4 Flags=0]
2016-06-16 14:14:39.415: [Rachelle] AdventureProgressMgr.CreateOrUpdateWingFlags: updating wing 12 : PROGRESS [AdventureMission.WingProgress: Wing=12, Progress=4 Flags=769] (former flags [AdventureMission.WingProgress: Wing=12, Progress=4 Flags=0])
2016-06-16 14:14:39.416: [Rachelle] AdventureProgressMgr.CreateOrUpdateProgress: creating wing 13 : PROGRESS [AdventureMission.WingProgress: Wing=13, Progress=4 Flags=0]
2016-06-16 14:14:39.417: [Rachelle] AdventureProgressMgr.CreateOrUpdateWingFlags: updating wing 13 : PROGRESS [AdventureMission.WingProgress: Wing=13, Progress=4 Flags=1793] (former flags [AdventureMission.WingProgress: Wing=13, Progress=4 Flags=0])
2016-06-16 14:14:39.417: [Rachelle] AdventureProgressMgr.CreateOrUpdateProgress: creating wing 14 : PROGRESS [AdventureMission.WingProgress: Wing=14, Progress=5 Flags=0]
2016-06-16 14:14:39.418: [Rachelle] AdventureProgressMgr.CreateOrUpdateWingFlags: updating wing 14 : PROGRESS [AdventureMission.WingProgress: Wing=14, Progress=5 Flags=769] (former flags [AdventureMission.WingProgress: Wing=14, Progress=5 Flags=0])
2016-06-16 14:14:39.596: [Rachelle] SetActiveMoneyOrGTAPPTransaction() [MoneyOrGTAPPTransaction: ID=88467935,ProductID='99300044163000004002',IsGTAPP=False,Provider=BP_PROVIDER_BLIZZARD]
2016-06-16 14:14:39.603: [Rachelle] StoreManager.ReloadNoticesIfNecessary: errorType = SUCCESS, RELOADING
2016-06-16 14:14:39.605: [Bob] NetCache <<<GET NetCacheProfileNotices
2016-06-16 14:14:39.607: [Rachelle] StoreManager.HandPurchaseError(): force reloading notices for very first status
2016-06-16 14:14:39.612: [Rachelle] StoreManager reset STATUS delay, now waiting 45 seconds between requests
2016-06-16 14:14:39.626: [Bob] ---RegisterFeatures---
2016-06-16 14:14:40.061: [Bob] OnNetCacheObjReceived SAVE --> NetCacheProfileNotices
2016-06-16 14:14:40.062: [Rachelle] NetCache.OnProfileNotices() sending 0 new notices to 7 listeners
2016-06-16 14:14:40.079: [Rachelle] StoreManager.ResolveFirstMoneyTransactionIfPossible(): no outstanding notices for transaction [MoneyOrGTAPPTransaction: ID=88467935,ProductID='99300044163000004002',IsGTAPP=False,Provider=BP_PROVIDER_BLIZZARD]; setting m_activeMoneyOrGTAPPTransaction = null
2016-06-16 14:14:49.659: [Bob] NetCache <<<GET NetCacheBoosters
2016-06-16 14:14:49.660: [Bob] NetCache <<<GET NetCacheFeatures
2016-06-16 14:14:50.197: [Bob] OnNetCacheObjReceived SAVE --> NetCacheBoosters
2016-06-16 14:14:50.230: [Bob] OnNetCacheObjReceived SAVE --> NetCacheFeatures
2016-06-16 14:14:50.720: [Kyle] UberText Texture lost 1. UpdateText Called
2016-06-16 14:14:50.722: [Kyle] UberText Texture lost 1. UpdateText Called
2016-06-16 14:14:50.723: [Kyle] UberText Texture lost 1. UpdateText Called
2016-06-16 14:16:02.531: [Bob] ---RegisterScreenQuestLog---
2016-06-16 14:16:02.934: [Bob] OnNetCacheObjReceived SAVE --> NetCacheProfileProgress
2016-06-16 14:16:02.947: [Ben] Found 3 activeQuests! I should do something awesome with them here.
